Using pre-set license
Built from '2020.2/staging' branch; Version is '2020.2.6f1 (8a2143876886) revision 9052483'; Using compiler version '192528614'; Build Type 'Release'
OS: 'Windows 10 Home; OS build 19042.985; Version 2009; 64bit' Language: 'en' Physical Memory: 8101 MB
BatchMode: 1, IsHumanControllingUs: 0, StartBugReporterOnCrash: 0, Is64bit: 1, IsPro: 0

 COMMAND LINE ARGUMENTS:
C:\Program Files\Unity\Hub\Editor\2020.2.6f1\Editor\Unity.exe
-adb2
-batchMode
-noUpm
-name
AssetImportWorker0
-projectPath
C:/Users/kevoh/Unity Projects/Silent-Island-Survival/Silent Island Survival
-logFile
Logs/AssetImportWorker0.log
-srvPort
54598
Successfully changed project path to: C:/Users/kevoh/Unity Projects/Silent-Island-Survival/Silent Island Survival
C:/Users/kevoh/Unity Projects/Silent-Island-Survival/Silent Island Survival
Using Asset Import Pipeline V2.
Refreshing native plugins compatible for Editor in 112.94 ms, found 0 plugins.
Preloading 0 native plugins for Editor in 0.00 ms.
Initialize engine version: 2020.2.6f1 (8a2143876886)
[Subsystems] Discovering subsystems at path C:/Program Files/Unity/Hub/Editor/2020.2.6f1/Editor/Data/Resources/UnitySubsystems
[Subsystems] Discovering subsystems at path C:/Users/kevoh/Unity Projects/Silent-Island-Survival/Silent Island Survival/Assets
GfxDevice: creating device client; threaded=0
Direct3D:
    Version:  Direct3D 11.0 [level 11.1]
    Renderer: Intel(R) UHD Graphics 620 (ID=0x5917)
    Vendor:   
    VRAM:     4050 MB
    Driver:   26.20.100.7323
Initialize mono
Mono path[0] = 'C:/Program Files/Unity/Hub/Editor/2020.2.6f1/Editor/Data/Managed'
Mono path[1] = 'C:/Program Files/Unity/Hub/Editor/2020.2.6f1/Editor/Data/MonoBleedingEdge/lib/mono/unityjit'
Mono config path = 'C:/Program Files/Unity/Hub/Editor/2020.2.6f1/Editor/Data/MonoBleedingEdge/etc'
Using monoOptions --debugger-agent=transport=dt_socket,embedding=1,server=y,suspend=n,address=127.0.0.1:56828
Begin MonoManager ReloadAssembly
Registering precompiled unity dll's ...
Register platform support module: C:/Program Files/Unity/Hub/Editor/2020.2.6f1/Editor/Data/PlaybackEngines/WebGLSupport/UnityEditor.WebGL.Extensions.dll
Register platform support module: C:/Program Files/Unity/Hub/Editor/2020.2.6f1/Editor/Data/PlaybackEngines/WindowsStandaloneSupport/UnityEditor.WindowsStandalone.Extensions.dll
Registered in 0.006889 seconds.
Native extension for WindowsStandalone target not found
Native extension for WebGL target not found
Refreshing native plugins compatible for Editor in 158.62 ms, found 0 plugins.
Preloading 0 native plugins for Editor in 0.00 ms.
Invoked RoslynAnalysisRunner static constructor.
RoslynAnalysisRunner will not be running.
RoslynAnalysisRunner has terminated.
Mono: successfully reloaded assembly
- Completed reload, in  5.025 seconds
Platform modules already initialized, skipping
Registering precompiled user dll's ...
Registered in 0.002601 seconds.
Begin MonoManager ReloadAssembly
Native extension for WindowsStandalone target not found
Native extension for WebGL target not found
Refreshing native plugins compatible for Editor in 0.73 ms, found 0 plugins.
Preloading 0 native plugins for Editor in 0.00 ms.
Invoked RoslynAnalysisRunner static constructor.
RoslynAnalysisRunner will not be running.
RoslynAnalysisRunner has terminated.
Mono: successfully reloaded assembly
- Completed reload, in  0.947 seconds
Platform modules already initialized, skipping
========================================================================
Worker process is ready to serve import requests
Launched and connected shader compiler UnityShaderCompiler.exe after 0.12 seconds
Refreshing native plugins compatible for Editor in 1.21 ms, found 0 plugins.
Preloading 0 native plugins for Editor in 0.00 ms.
Unloading 1153 Unused Serialized files (Serialized files now loaded: 0)
System memory in use before: 64.7 MB.
System memory in use after: 64.8 MB.

Unloading 10 unused Assets to reduce memory usage. Loaded Objects now: 1596.
Total: 3.597200 ms (FindLiveObjects: 0.244900 ms CreateObjectMapping: 0.080400 ms MarkObjects: 3.113400 ms  DeleteObjects: 0.156900 ms)

========================================================================
Received Import Request.
  path: Assets/HomeMadeIcons/Trash.PNG
  artifactKey: Guid(25361d0163e95344eb23e7b91732d22f) Importer(815301076,1909f56bfc062723c751e8b465ee728b)
Start importing Assets/HomeMadeIcons/Trash.PNG using Guid(25361d0163e95344eb23e7b91732d22f) Importer(815301076,1909f56bfc062723c751e8b465ee728b)  -> (artifact id: '250a452c0ffb4fca4ba4cb16e7b7eaac') in 0.238849 seconds
  Import took 0.244345 seconds .

========================================================================
Received Import Request.
  Time since last request: 0.000447 seconds.
  path: Assets/HomeMadeIcons/Rock.PNG
  artifactKey: Guid(b6414205378c50243b65b81c7b220bf8) Importer(815301076,1909f56bfc062723c751e8b465ee728b)
Start importing Assets/HomeMadeIcons/Rock.PNG using Guid(b6414205378c50243b65b81c7b220bf8) Importer(815301076,1909f56bfc062723c751e8b465ee728b)  -> (artifact id: '89a8af800eb11c3f26c0b0890aca81c6') in 0.035479 seconds
  Import took 0.041262 seconds .

========================================================================
Received Import Request.
  Time since last request: 0.000486 seconds.
  path: Assets/HomeMadeIcons/Loot Box.PNG
  artifactKey: Guid(666eedfeaced72b4da38ff7ff975ecf3) Importer(815301076,1909f56bfc062723c751e8b465ee728b)
Start importing Assets/HomeMadeIcons/Loot Box.PNG using Guid(666eedfeaced72b4da38ff7ff975ecf3) Importer(815301076,1909f56bfc062723c751e8b465ee728b)  -> (artifact id: 'e0a87adb665aa3f16482106358d1011c') in 0.038522 seconds
  Import took 0.045671 seconds .

========================================================================
Received Import Request.
  Time since last request: 0.000476 seconds.
  path: Assets/HomeMadeIcons/RockIcon.png
  artifactKey: Guid(8550d32104cb38b47a84bd60f7e7c5f2) Importer(815301076,1909f56bfc062723c751e8b465ee728b)
Start importing Assets/HomeMadeIcons/RockIcon.png using Guid(8550d32104cb38b47a84bd60f7e7c5f2) Importer(815301076,1909f56bfc062723c751e8b465ee728b)  -> (artifact id: 'c641cdb3506039df7777da3376a66d2e') in 0.033823 seconds
  Import took 0.041272 seconds .

========================================================================
Received Import Request.
  Time since last request: 0.000465 seconds.
  path: Assets/HomeMadeIcons/TileSelected.png
  artifactKey: Guid(d47c4fba0680fab478c2c07dd6d2316a) Importer(815301076,1909f56bfc062723c751e8b465ee728b)
Start importing Assets/HomeMadeIcons/TileSelected.png using Guid(d47c4fba0680fab478c2c07dd6d2316a) Importer(815301076,1909f56bfc062723c751e8b465ee728b)  -> (artifact id: '326eb2c15186b750bf64f1b6a2d724a8') in 0.070626 seconds
  Import took 0.075420 seconds .

========================================================================
Received Import Request.
  Time since last request: 0.000394 seconds.
  path: Assets/HomeMadeIcons/Tree.PNG
  artifactKey: Guid(c2eccc46a7d82ae4882c0f02699a590e) Importer(815301076,1909f56bfc062723c751e8b465ee728b)
Start importing Assets/HomeMadeIcons/Tree.PNG using Guid(c2eccc46a7d82ae4882c0f02699a590e) Importer(815301076,1909f56bfc062723c751e8b465ee728b)  -> (artifact id: '2d2e633fe16bc1a9c6845e101e00a730') in 0.039888 seconds
  Import took 0.046703 seconds .

========================================================================
Received Import Request.
  Time since last request: 0.000409 seconds.
  path: Assets/HomeMadeIcons/Abandoned Vehicle.PNG
  artifactKey: Guid(6401d1a455ffda748a63b1175c77adab) Importer(815301076,1909f56bfc062723c751e8b465ee728b)
Start importing Assets/HomeMadeIcons/Abandoned Vehicle.PNG using Guid(6401d1a455ffda748a63b1175c77adab) Importer(815301076,1909f56bfc062723c751e8b465ee728b)  -> (artifact id: 'be46406eda905b0e1d58e65600710186') in 0.033518 seconds
  Import took 0.039796 seconds .

========================================================================
Received Import Request.
  Time since last request: 0.000521 seconds.
  path: Assets/HomeMadeIcons/Abandoned Factory.PNG
  artifactKey: Guid(03b7af1cf50584e498783268429e5813) Importer(815301076,1909f56bfc062723c751e8b465ee728b)
Start importing Assets/HomeMadeIcons/Abandoned Factory.PNG using Guid(03b7af1cf50584e498783268429e5813) Importer(815301076,1909f56bfc062723c751e8b465ee728b)  -> (artifact id: '8cfcc14ec7ba6a19582836f1f5c34c20') in 0.036571 seconds
  Import took 0.042405 seconds .

========================================================================
Received Import Request.
  Time since last request: 0.000453 seconds.
  path: Assets/HomeMadeIcons/Abandoned House.PNG
  artifactKey: Guid(6ce3bf7ccc247ac4a80be82a9bf1d31d) Importer(815301076,1909f56bfc062723c751e8b465ee728b)
Start importing Assets/HomeMadeIcons/Abandoned House.PNG using Guid(6ce3bf7ccc247ac4a80be82a9bf1d31d) Importer(815301076,1909f56bfc062723c751e8b465ee728b)  -> (artifact id: 'bbd1cfc0e990f402569d296776934375') in 0.038063 seconds
  Import took 0.043874 seconds .

========================================================================
Received Import Request.
  Time since last request: 206.033708 seconds.
  path: Assets/Scripts/MainController.cs
  artifactKey: Guid(42d494bcc9f063646a61b248b382e377) Importer(815301076,1909f56bfc062723c751e8b465ee728b)
Start importing Assets/Scripts/MainController.cs using Guid(42d494bcc9f063646a61b248b382e377) Importer(815301076,1909f56bfc062723c751e8b465ee728b)  -> (artifact id: 'bedfdb98b03a382e32da5ec8af8995ac') in 0.296054 seconds
  Import took 0.304790 seconds .

========================================================================
Received Prepare
Registering precompiled user dll's ...
Registered in 0.001193 seconds.
Begin MonoManager ReloadAssembly
Native extension for WindowsStandalone target not found
Native extension for WebGL target not found
Refreshing native plugins compatible for Editor in 0.93 ms, found 0 plugins.
Preloading 0 native plugins for Editor in 0.00 ms.
Invoked RoslynAnalysisRunner static constructor.
RoslynAnalysisRunner will not be running.
RoslynAnalysisRunner has terminated.
Mono: successfully reloaded assembly
- Completed reload, in  1.089 seconds
Platform modules already initialized, skipping
Refreshing native plugins compatible for Editor in 1.78 ms, found 0 plugins.
Preloading 0 native plugins for Editor in 0.00 ms.
Unloading 1135 Unused Serialized files (Serialized files now loaded: 0)
System memory in use before: 66.8 MB.
System memory in use after: 66.9 MB.

Unloading 5 unused Assets to reduce memory usage. Loaded Objects now: 1607.
Total: 3.185400 ms (FindLiveObjects: 0.256000 ms CreateObjectMapping: 0.075400 ms MarkObjects: 2.701700 ms  DeleteObjects: 0.150000 ms)

========================================================================
Received Prepare
Registering precompiled user dll's ...
Registered in 0.001842 seconds.
Begin MonoManager ReloadAssembly
Native extension for WindowsStandalone target not found
Native extension for WebGL target not found
Refreshing native plugins compatible for Editor in 0.75 ms, found 0 plugins.
Preloading 0 native plugins for Editor in 0.00 ms.
Invoked RoslynAnalysisRunner static constructor.
RoslynAnalysisRunner will not be running.
RoslynAnalysisRunner has terminated.
Mono: successfully reloaded assembly
- Completed reload, in  1.913 seconds
Platform modules already initialized, skipping
Refreshing native plugins compatible for Editor in 0.73 ms, found 0 plugins.
Preloading 0 native plugins for Editor in 0.00 ms.
Unloading 1135 Unused Serialized files (Serialized files now loaded: 0)
System memory in use before: 66.8 MB.
System memory in use after: 66.9 MB.

Unloading 5 unused Assets to reduce memory usage. Loaded Objects now: 1609.
Total: 1.774300 ms (FindLiveObjects: 0.155400 ms CreateObjectMapping: 0.039900 ms MarkObjects: 1.515900 ms  DeleteObjects: 0.061600 ms)

========================================================================
Received Import Request.
  Time since last request: 510.116009 seconds.
  path: Assets/Scripts/MainController.cs
  artifactKey: Guid(42d494bcc9f063646a61b248b382e377) Importer(815301076,1909f56bfc062723c751e8b465ee728b)
Start importing Assets/Scripts/MainController.cs using Guid(42d494bcc9f063646a61b248b382e377) Importer(815301076,1909f56bfc062723c751e8b465ee728b)  -> (artifact id: 'a9db4b68ede56b40e621d164c1a5ee38') in 0.010595 seconds
  Import took 0.014154 seconds .

========================================================================
Received Prepare
Registering precompiled user dll's ...
Registered in 0.001227 seconds.
Begin MonoManager ReloadAssembly
Native extension for WindowsStandalone target not found
Native extension for WebGL target not found
Refreshing native plugins compatible for Editor in 1.18 ms, found 0 plugins.
Preloading 0 native plugins for Editor in 0.00 ms.
Invoked RoslynAnalysisRunner static constructor.
RoslynAnalysisRunner will not be running.
RoslynAnalysisRunner has terminated.
Mono: successfully reloaded assembly
- Completed reload, in  1.758 seconds
Platform modules already initialized, skipping
Refreshing native plugins compatible for Editor in 1.22 ms, found 0 plugins.
Preloading 0 native plugins for Editor in 0.00 ms.
Unloading 1135 Unused Serialized files (Serialized files now loaded: 0)
System memory in use before: 66.8 MB.
System memory in use after: 66.9 MB.

Unloading 5 unused Assets to reduce memory usage. Loaded Objects now: 1611.
Total: 3.932700 ms (FindLiveObjects: 0.299200 ms CreateObjectMapping: 0.089800 ms MarkObjects: 3.439100 ms  DeleteObjects: 0.102300 ms)

========================================================================
Received Import Request.
  Time since last request: 117.061904 seconds.
  path: Assets/PreFabs/Selector.prefab
  artifactKey: Guid(9f840e7b1b9974d418c3cb239faf2e3d) Importer(815301076,1909f56bfc062723c751e8b465ee728b)
Start importing Assets/PreFabs/Selector.prefab using Guid(9f840e7b1b9974d418c3cb239faf2e3d) Importer(815301076,1909f56bfc062723c751e8b465ee728b)  -> (artifact id: '856cd435086ff8c8129f37ddaa9ff3c4') in 0.160451 seconds
  Import took 0.165890 seconds .

========================================================================
Received Import Request.
  Time since last request: 0.694099 seconds.
  path: Assets/PreFabs/Units/Basic Unit.prefab
  artifactKey: Guid(fa29b7da8659cfc4f83c80cc0db69caa) Importer(815301076,1909f56bfc062723c751e8b465ee728b)
Start importing Assets/PreFabs/Units/Basic Unit.prefab using Guid(fa29b7da8659cfc4f83c80cc0db69caa) Importer(815301076,1909f56bfc062723c751e8b465ee728b)  -> (artifact id: 'fa6b15e6226fca11e645a4dd6fb46744') in 0.035604 seconds
  Import took 0.040483 seconds .

========================================================================
Received Import Request.
  Time since last request: 0.000359 seconds.
  path: Assets/PreFabs/Units/MovementSelectedTile.prefab
  artifactKey: Guid(ec95638eb95cb214eb0fbce77433f6b5) Importer(815301076,1909f56bfc062723c751e8b465ee728b)
Start importing Assets/PreFabs/Units/MovementSelectedTile.prefab using Guid(ec95638eb95cb214eb0fbce77433f6b5) Importer(815301076,1909f56bfc062723c751e8b465ee728b)  -> (artifact id: '994b105c42977d0713367f7a8b78ccb6') in 0.038817 seconds
  Import took 0.043100 seconds .

========================================================================
Received Import Request.
  Time since last request: 0.000264 seconds.
  path: Assets/PreFabs/Units/MovementOptionTile.prefab
  artifactKey: Guid(9aa9c0987a1af8f48bb8d16b44a16b9e) Importer(815301076,1909f56bfc062723c751e8b465ee728b)
Start importing Assets/PreFabs/Units/MovementOptionTile.prefab using Guid(9aa9c0987a1af8f48bb8d16b44a16b9e) Importer(815301076,1909f56bfc062723c751e8b465ee728b)  -> (artifact id: 'e57f12a5eb6279c86ad2171f843eedc4') in 0.034236 seconds
  Import took 0.038447 seconds .

========================================================================
Received Import Request.
  Time since last request: 0.000230 seconds.
  path: Assets/PreFabs/Units
  artifactKey: Guid(c39ea3a0200a37141a2872ca574abaad) Importer(815301076,1909f56bfc062723c751e8b465ee728b)
Start importing Assets/PreFabs/Units using Guid(c39ea3a0200a37141a2872ca574abaad) Importer(815301076,1909f56bfc062723c751e8b465ee728b)  -> (artifact id: 'c270e2eaf37f4d999559ed09dac88508') in 0.022559 seconds
  Import took 0.026474 seconds .

========================================================================
Received Import Request.
  Time since last request: 0.000253 seconds.
  path: Assets/PreFabs/Units/MovementOptionTile.prefab
  artifactKey: Guid(9aa9c0987a1af8f48bb8d16b44a16b9e) Importer(815301076,1909f56bfc062723c751e8b465ee728b)
Start importing Assets/PreFabs/Units/MovementOptionTile.prefab using Guid(9aa9c0987a1af8f48bb8d16b44a16b9e) Importer(815301076,1909f56bfc062723c751e8b465ee728b)  -> (artifact id: 'e57f12a5eb6279c86ad2171f843eedc4') in 0.018414 seconds
  Import took 0.024694 seconds .

========================================================================
Received Prepare
Registering precompiled user dll's ...
Registered in 0.003596 seconds.
Begin MonoManager ReloadAssembly
Native extension for WindowsStandalone target not found
Native extension for WebGL target not found
Refreshing native plugins compatible for Editor in 1.35 ms, found 0 plugins.
Preloading 0 native plugins for Editor in 0.00 ms.
Invoked RoslynAnalysisRunner static constructor.
RoslynAnalysisRunner will not be running.
RoslynAnalysisRunner has terminated.
Mono: successfully reloaded assembly
- Completed reload, in  1.658 seconds
Platform modules already initialized, skipping
Refreshing native plugins compatible for Editor in 1.76 ms, found 0 plugins.
Preloading 0 native plugins for Editor in 0.00 ms.
Unloading 1135 Unused Serialized files (Serialized files now loaded: 0)
System memory in use before: 66.9 MB.
System memory in use after: 67.0 MB.

Unloading 5 unused Assets to reduce memory usage. Loaded Objects now: 1620.
Total: 4.127100 ms (FindLiveObjects: 0.339900 ms CreateObjectMapping: 0.151400 ms MarkObjects: 3.555100 ms  DeleteObjects: 0.077900 ms)

========================================================================
Received Prepare
Registering precompiled user dll's ...
Registered in 0.002467 seconds.
Begin MonoManager ReloadAssembly
Native extension for WindowsStandalone target not found
Native extension for WebGL target not found
Refreshing native plugins compatible for Editor in 1.95 ms, found 0 plugins.
Preloading 0 native plugins for Editor in 0.00 ms.
Invoked RoslynAnalysisRunner static constructor.
RoslynAnalysisRunner will not be running.
RoslynAnalysisRunner has terminated.
Mono: successfully reloaded assembly
- Completed reload, in  2.385 seconds
Platform modules already initialized, skipping
Refreshing native plugins compatible for Editor in 1.31 ms, found 0 plugins.
Preloading 0 native plugins for Editor in 0.00 ms.
Unloading 1135 Unused Serialized files (Serialized files now loaded: 0)
System memory in use before: 66.9 MB.
System memory in use after: 67.0 MB.

Unloading 5 unused Assets to reduce memory usage. Loaded Objects now: 1622.
Total: 2.680700 ms (FindLiveObjects: 0.240200 ms CreateObjectMapping: 0.068900 ms MarkObjects: 2.291700 ms  DeleteObjects: 0.078400 ms)

========================================================================
Received Prepare
Registering precompiled user dll's ...
Registered in 0.004023 seconds.
Begin MonoManager ReloadAssembly
Native extension for WindowsStandalone target not found
Native extension for WebGL target not found
Refreshing native plugins compatible for Editor in 1.19 ms, found 0 plugins.
Preloading 0 native plugins for Editor in 0.00 ms.
Invoked RoslynAnalysisRunner static constructor.
RoslynAnalysisRunner will not be running.
RoslynAnalysisRunner has terminated.
Mono: successfully reloaded assembly
- Completed reload, in  2.585 seconds
Platform modules already initialized, skipping
Refreshing native plugins compatible for Editor in 1.33 ms, found 0 plugins.
Preloading 0 native plugins for Editor in 0.00 ms.
Unloading 1135 Unused Serialized files (Serialized files now loaded: 0)
System memory in use before: 66.9 MB.
System memory in use after: 67.0 MB.

Unloading 5 unused Assets to reduce memory usage. Loaded Objects now: 1624.
Total: 2.119000 ms (FindLiveObjects: 0.228600 ms CreateObjectMapping: 0.062500 ms MarkObjects: 1.766100 ms  DeleteObjects: 0.060600 ms)

========================================================================
Received Prepare
Registering precompiled user dll's ...
Registered in 0.001679 seconds.
Begin MonoManager ReloadAssembly
Native extension for WindowsStandalone target not found
Native extension for WebGL target not found
Refreshing native plugins compatible for Editor in 1.12 ms, found 0 plugins.
Preloading 0 native plugins for Editor in 0.00 ms.
Invoked RoslynAnalysisRunner static constructor.
RoslynAnalysisRunner will not be running.
RoslynAnalysisRunner has terminated.
Mono: successfully reloaded assembly
- Completed reload, in  2.591 seconds
Platform modules already initialized, skipping
Refreshing native plugins compatible for Editor in 0.65 ms, found 0 plugins.
Preloading 0 native plugins for Editor in 0.00 ms.
Unloading 1135 Unused Serialized files (Serialized files now loaded: 0)
System memory in use before: 66.9 MB.
System memory in use after: 67.0 MB.

Unloading 5 unused Assets to reduce memory usage. Loaded Objects now: 1626.
Total: 3.867800 ms (FindLiveObjects: 0.608400 ms CreateObjectMapping: 0.151500 ms MarkObjects: 3.028300 ms  DeleteObjects: 0.074900 ms)

========================================================================
Received Prepare
Registering precompiled user dll's ...
Registered in 0.001564 seconds.
Begin MonoManager ReloadAssembly
Native extension for WindowsStandalone target not found
Native extension for WebGL target not found
Refreshing native plugins compatible for Editor in 1.69 ms, found 0 plugins.
Preloading 0 native plugins for Editor in 0.00 ms.
Invoked RoslynAnalysisRunner static constructor.
RoslynAnalysisRunner will not be running.
RoslynAnalysisRunner has terminated.
Mono: successfully reloaded assembly
- Completed reload, in  2.468 seconds
Platform modules already initialized, skipping
Refreshing native plugins compatible for Editor in 1.99 ms, found 0 plugins.
Preloading 0 native plugins for Editor in 0.00 ms.
Unloading 1135 Unused Serialized files (Serialized files now loaded: 0)
System memory in use before: 66.9 MB.
System memory in use after: 67.0 MB.

Unloading 5 unused Assets to reduce memory usage. Loaded Objects now: 1628.
Total: 4.985300 ms (FindLiveObjects: 0.388300 ms CreateObjectMapping: 0.133900 ms MarkObjects: 4.320400 ms  DeleteObjects: 0.138700 ms)

========================================================================
Received Prepare
Registering precompiled user dll's ...
Registered in 0.003947 seconds.
Begin MonoManager ReloadAssembly
Native extension for WindowsStandalone target not found
Native extension for WebGL target not found
Refreshing native plugins compatible for Editor in 0.89 ms, found 0 plugins.
Preloading 0 native plugins for Editor in 0.00 ms.
Invoked RoslynAnalysisRunner static constructor.
RoslynAnalysisRunner will not be running.
RoslynAnalysisRunner has terminated.
Mono: successfully reloaded assembly
- Completed reload, in  0.965 seconds
Platform modules already initialized, skipping
Refreshing native plugins compatible for Editor in 1.37 ms, found 0 plugins.
Preloading 0 native plugins for Editor in 0.00 ms.
Unloading 1135 Unused Serialized files (Serialized files now loaded: 0)
System memory in use before: 66.9 MB.
System memory in use after: 67.0 MB.

Unloading 5 unused Assets to reduce memory usage. Loaded Objects now: 1630.
Total: 4.131600 ms (FindLiveObjects: 0.377200 ms CreateObjectMapping: 0.130100 ms MarkObjects: 3.498000 ms  DeleteObjects: 0.123700 ms)

========================================================================
Received Prepare
Registering precompiled user dll's ...
Registered in 0.002606 seconds.
Begin MonoManager ReloadAssembly
Native extension for WindowsStandalone target not found
Native extension for WebGL target not found
Refreshing native plugins compatible for Editor in 0.74 ms, found 0 plugins.
Preloading 0 native plugins for Editor in 0.00 ms.
Invoked RoslynAnalysisRunner static constructor.
RoslynAnalysisRunner will not be running.
RoslynAnalysisRunner has terminated.
Mono: successfully reloaded assembly
- Completed reload, in  1.161 seconds
Platform modules already initialized, skipping
Refreshing native plugins compatible for Editor in 0.64 ms, found 0 plugins.
Preloading 0 native plugins for Editor in 0.00 ms.
Unloading 1135 Unused Serialized files (Serialized files now loaded: 0)
System memory in use before: 67.0 MB.
System memory in use after: 67.0 MB.

Unloading 5 unused Assets to reduce memory usage. Loaded Objects now: 1632.
Total: 1.941100 ms (FindLiveObjects: 0.161600 ms CreateObjectMapping: 0.040400 ms MarkObjects: 1.672000 ms  DeleteObjects: 0.066000 ms)

========================================================================
Received Prepare
Registering precompiled user dll's ...
Registered in 0.002498 seconds.
Begin MonoManager ReloadAssembly
Native extension for WindowsStandalone target not found
Native extension for WebGL target not found
Refreshing native plugins compatible for Editor in 1.19 ms, found 0 plugins.
Preloading 0 native plugins for Editor in 0.00 ms.
Invoked RoslynAnalysisRunner static constructor.
RoslynAnalysisRunner will not be running.
RoslynAnalysisRunner has terminated.
Mono: successfully reloaded assembly
- Completed reload, in  2.365 seconds
Platform modules already initialized, skipping
Refreshing native plugins compatible for Editor in 0.76 ms, found 0 plugins.
Preloading 0 native plugins for Editor in 0.00 ms.
Unloading 1135 Unused Serialized files (Serialized files now loaded: 0)
System memory in use before: 67.0 MB.
System memory in use after: 67.0 MB.

Unloading 5 unused Assets to reduce memory usage. Loaded Objects now: 1634.
Total: 1.875900 ms (FindLiveObjects: 0.167300 ms CreateObjectMapping: 0.045800 ms MarkObjects: 1.600300 ms  DeleteObjects: 0.061300 ms)

========================================================================
Received Prepare
Registering precompiled user dll's ...
Registered in 0.003600 seconds.
Begin MonoManager ReloadAssembly
Native extension for WindowsStandalone target not found
Native extension for WebGL target not found
Refreshing native plugins compatible for Editor in 1.22 ms, found 0 plugins.
Preloading 0 native plugins for Editor in 0.00 ms.
Invoked RoslynAnalysisRunner static constructor.
RoslynAnalysisRunner will not be running.
RoslynAnalysisRunner has terminated.
Mono: successfully reloaded assembly
- Completed reload, in  2.583 seconds
Platform modules already initialized, skipping
Refreshing native plugins compatible for Editor in 0.72 ms, found 0 plugins.
Preloading 0 native plugins for Editor in 0.00 ms.
Unloading 1135 Unused Serialized files (Serialized files now loaded: 0)
System memory in use before: 67.0 MB.
System memory in use after: 67.0 MB.

Unloading 5 unused Assets to reduce memory usage. Loaded Objects now: 1636.
Total: 2.322100 ms (FindLiveObjects: 0.331700 ms CreateObjectMapping: 0.100800 ms MarkObjects: 1.804600 ms  DeleteObjects: 0.083400 ms)

========================================================================
Received Prepare
Registering precompiled user dll's ...
Registered in 0.002519 seconds.
Begin MonoManager ReloadAssembly
Native extension for WindowsStandalone target not found
Native extension for WebGL target not found
Refreshing native plugins compatible for Editor in 1.20 ms, found 0 plugins.
Preloading 0 native plugins for Editor in 0.00 ms.
Invoked RoslynAnalysisRunner static constructor.
RoslynAnalysisRunner will not be running.
RoslynAnalysisRunner has terminated.
Mono: successfully reloaded assembly
- Completed reload, in  1.717 seconds
Platform modules already initialized, skipping
Refreshing native plugins compatible for Editor in 0.74 ms, found 0 plugins.
Preloading 0 native plugins for Editor in 0.00 ms.
Unloading 1135 Unused Serialized files (Serialized files now loaded: 0)
System memory in use before: 67.0 MB.
System memory in use after: 67.0 MB.

Unloading 5 unused Assets to reduce memory usage. Loaded Objects now: 1638.
Total: 1.848100 ms (FindLiveObjects: 0.198500 ms CreateObjectMapping: 0.041600 ms MarkObjects: 1.540000 ms  DeleteObjects: 0.066400 ms)

========================================================================
Received Prepare
Registering precompiled user dll's ...
Registered in 0.001902 seconds.
Begin MonoManager ReloadAssembly
Native extension for WindowsStandalone target not found
Native extension for WebGL target not found
Refreshing native plugins compatible for Editor in 1.21 ms, found 0 plugins.
Preloading 0 native plugins for Editor in 0.00 ms.
Invoked RoslynAnalysisRunner static constructor.
RoslynAnalysisRunner will not be running.
RoslynAnalysisRunner has terminated.
Mono: successfully reloaded assembly
- Completed reload, in  1.524 seconds
Platform modules already initialized, skipping
Refreshing native plugins compatible for Editor in 2.71 ms, found 0 plugins.
Preloading 0 native plugins for Editor in 0.00 ms.
Unloading 1135 Unused Serialized files (Serialized files now loaded: 0)
System memory in use before: 67.0 MB.
System memory in use after: 67.0 MB.

Unloading 5 unused Assets to reduce memory usage. Loaded Objects now: 1640.
Total: 6.111500 ms (FindLiveObjects: 0.396600 ms CreateObjectMapping: 0.134100 ms MarkObjects: 5.275700 ms  DeleteObjects: 0.300500 ms)

========================================================================
Received Prepare
Registering precompiled user dll's ...
Registered in 0.001393 seconds.
Begin MonoManager ReloadAssembly
Native extension for WindowsStandalone target not found
Native extension for WebGL target not found
Refreshing native plugins compatible for Editor in 0.65 ms, found 0 plugins.
Preloading 0 native plugins for Editor in 0.00 ms.
Invoked RoslynAnalysisRunner static constructor.
RoslynAnalysisRunner will not be running.
RoslynAnalysisRunner has terminated.
Mono: successfully reloaded assembly
- Completed reload, in  1.270 seconds
Platform modules already initialized, skipping
Refreshing native plugins compatible for Editor in 1.50 ms, found 0 plugins.
Preloading 0 native plugins for Editor in 0.00 ms.
Unloading 1135 Unused Serialized files (Serialized files now loaded: 0)
System memory in use before: 67.0 MB.
System memory in use after: 67.1 MB.

Unloading 5 unused Assets to reduce memory usage. Loaded Objects now: 1642.
Total: 5.701600 ms (FindLiveObjects: 0.373600 ms CreateObjectMapping: 0.116200 ms MarkObjects: 5.055400 ms  DeleteObjects: 0.153300 ms)

========================================================================
Received Prepare
Registering precompiled user dll's ...
Registered in 0.003441 seconds.
Begin MonoManager ReloadAssembly
Native extension for WindowsStandalone target not found
Native extension for WebGL target not found
Refreshing native plugins compatible for Editor in 0.72 ms, found 0 plugins.
Preloading 0 native plugins for Editor in 0.00 ms.
Invoked RoslynAnalysisRunner static constructor.
RoslynAnalysisRunner will not be running.
RoslynAnalysisRunner has terminated.
Mono: successfully reloaded assembly
- Completed reload, in  1.122 seconds
Platform modules already initialized, skipping
Refreshing native plugins compatible for Editor in 0.76 ms, found 0 plugins.
Preloading 0 native plugins for Editor in 0.00 ms.
Unloading 1135 Unused Serialized files (Serialized files now loaded: 0)
System memory in use before: 67.0 MB.
System memory in use after: 67.1 MB.

Unloading 5 unused Assets to reduce memory usage. Loaded Objects now: 1644.
Total: 2.140300 ms (FindLiveObjects: 0.162100 ms CreateObjectMapping: 0.043000 ms MarkObjects: 1.859200 ms  DeleteObjects: 0.074600 ms)

========================================================================
Received Prepare
Registering precompiled user dll's ...
Registered in 0.002544 seconds.
Begin MonoManager ReloadAssembly
Native extension for WindowsStandalone target not found
Native extension for WebGL target not found
Refreshing native plugins compatible for Editor in 1.20 ms, found 0 plugins.
Preloading 0 native plugins for Editor in 0.00 ms.
Invoked RoslynAnalysisRunner static constructor.
RoslynAnalysisRunner will not be running.
RoslynAnalysisRunner has terminated.
Mono: successfully reloaded assembly
- Completed reload, in  1.824 seconds
Platform modules already initialized, skipping
Refreshing native plugins compatible for Editor in 0.80 ms, found 0 plugins.
Preloading 0 native plugins for Editor in 0.00 ms.
Unloading 1135 Unused Serialized files (Serialized files now loaded: 0)
System memory in use before: 67.0 MB.
System memory in use after: 67.1 MB.

Unloading 5 unused Assets to reduce memory usage. Loaded Objects now: 1646.
Total: 2.546100 ms (FindLiveObjects: 0.222300 ms CreateObjectMapping: 0.068000 ms MarkObjects: 2.175000 ms  DeleteObjects: 0.079100 ms)

========================================================================
Received Prepare
Registering precompiled user dll's ...
Registered in 0.002498 seconds.
Begin MonoManager ReloadAssembly
Native extension for WindowsStandalone target not found
Native extension for WebGL target not found
Refreshing native plugins compatible for Editor in 0.71 ms, found 0 plugins.
Preloading 0 native plugins for Editor in 0.00 ms.
Invoked RoslynAnalysisRunner static constructor.
RoslynAnalysisRunner will not be running.
RoslynAnalysisRunner has terminated.
Mono: successfully reloaded assembly
- Completed reload, in  1.657 seconds
Platform modules already initialized, skipping
Refreshing native plugins compatible for Editor in 0.98 ms, found 0 plugins.
Preloading 0 native plugins for Editor in 0.00 ms.
Unloading 1135 Unused Serialized files (Serialized files now loaded: 0)
System memory in use before: 67.0 MB.
System memory in use after: 67.1 MB.

Unloading 5 unused Assets to reduce memory usage. Loaded Objects now: 1648.
Total: 2.052200 ms (FindLiveObjects: 0.203800 ms CreateObjectMapping: 0.053500 ms MarkObjects: 1.732500 ms  DeleteObjects: 0.061000 ms)

========================================================================
Received Prepare
Registering precompiled user dll's ...
Registered in 0.001402 seconds.
Begin MonoManager ReloadAssembly
Native extension for WindowsStandalone target not found
Native extension for WebGL target not found
Refreshing native plugins compatible for Editor in 0.72 ms, found 0 plugins.
Preloading 0 native plugins for Editor in 0.00 ms.
Invoked RoslynAnalysisRunner static constructor.
RoslynAnalysisRunner will not be running.
RoslynAnalysisRunner has terminated.
Mono: successfully reloaded assembly
- Completed reload, in  1.291 seconds
Platform modules already initialized, skipping
Refreshing native plugins compatible for Editor in 1.19 ms, found 0 plugins.
Preloading 0 native plugins for Editor in 0.00 ms.
Unloading 1135 Unused Serialized files (Serialized files now loaded: 0)
System memory in use before: 67.0 MB.
System memory in use after: 67.1 MB.

Unloading 5 unused Assets to reduce memory usage. Loaded Objects now: 1650.
Total: 4.887000 ms (FindLiveObjects: 0.378700 ms CreateObjectMapping: 0.116200 ms MarkObjects: 4.251400 ms  DeleteObjects: 0.137600 ms)

========================================================================
Received Prepare
Registering precompiled user dll's ...
Registered in 0.003863 seconds.
Begin MonoManager ReloadAssembly
Native extension for WindowsStandalone target not found
Native extension for WebGL target not found
Refreshing native plugins compatible for Editor in 0.70 ms, found 0 plugins.
Preloading 0 native plugins for Editor in 0.00 ms.
Invoked RoslynAnalysisRunner static constructor.
RoslynAnalysisRunner will not be running.
RoslynAnalysisRunner has terminated.
Mono: successfully reloaded assembly
- Completed reload, in  1.097 seconds
Platform modules already initialized, skipping
Refreshing native plugins compatible for Editor in 1.19 ms, found 0 plugins.
Preloading 0 native plugins for Editor in 0.00 ms.
Unloading 1135 Unused Serialized files (Serialized files now loaded: 0)
System memory in use before: 67.0 MB.
System memory in use after: 67.1 MB.

Unloading 5 unused Assets to reduce memory usage. Loaded Objects now: 1652.
Total: 5.005300 ms (FindLiveObjects: 0.483200 ms CreateObjectMapping: 0.156800 ms MarkObjects: 4.183000 ms  DeleteObjects: 0.179100 ms)

========================================================================
Received Prepare
Registering precompiled user dll's ...
Registered in 0.002088 seconds.
Begin MonoManager ReloadAssembly
Native extension for WindowsStandalone target not found
Native extension for WebGL target not found
Refreshing native plugins compatible for Editor in 3.40 ms, found 0 plugins.
Preloading 0 native plugins for Editor in 0.00 ms.
Invoked RoslynAnalysisRunner static constructor.
RoslynAnalysisRunner will not be running.
RoslynAnalysisRunner has terminated.
Mono: successfully reloaded assembly
- Completed reload, in  1.826 seconds
Platform modules already initialized, skipping
Refreshing native plugins compatible for Editor in 2.05 ms, found 0 plugins.
Preloading 0 native plugins for Editor in 0.00 ms.
Unloading 1135 Unused Serialized files (Serialized files now loaded: 0)
System memory in use before: 67.0 MB.
System memory in use after: 67.1 MB.

Unloading 5 unused Assets to reduce memory usage. Loaded Objects now: 1654.
Total: 5.026800 ms (FindLiveObjects: 0.531500 ms CreateObjectMapping: 0.139200 ms MarkObjects: 4.223700 ms  DeleteObjects: 0.128300 ms)

========================================================================
Received Prepare
Registering precompiled user dll's ...
Registered in 0.002348 seconds.
Begin MonoManager ReloadAssembly
Native extension for WindowsStandalone target not found
Native extension for WebGL target not found
Refreshing native plugins compatible for Editor in 0.74 ms, found 0 plugins.
Preloading 0 native plugins for Editor in 0.00 ms.
Invoked RoslynAnalysisRunner static constructor.
RoslynAnalysisRunner will not be running.
RoslynAnalysisRunner has terminated.
Mono: successfully reloaded assembly
- Completed reload, in  1.206 seconds
Platform modules already initialized, skipping
Refreshing native plugins compatible for Editor in 1.16 ms, found 0 plugins.
Preloading 0 native plugins for Editor in 0.00 ms.
Unloading 1135 Unused Serialized files (Serialized files now loaded: 0)
System memory in use before: 67.0 MB.
System memory in use after: 67.1 MB.

Unloading 5 unused Assets to reduce memory usage. Loaded Objects now: 1656.
Total: 4.802400 ms (FindLiveObjects: 0.366700 ms CreateObjectMapping: 0.111100 ms MarkObjects: 4.187000 ms  DeleteObjects: 0.135200 ms)

========================================================================
Received Prepare
Registering precompiled user dll's ...
Registered in 0.001272 seconds.
Begin MonoManager ReloadAssembly
Native extension for WindowsStandalone target not found
Native extension for WebGL target not found
Refreshing native plugins compatible for Editor in 1.17 ms, found 0 plugins.
Preloading 0 native plugins for Editor in 0.00 ms.
Invoked RoslynAnalysisRunner static constructor.
RoslynAnalysisRunner will not be running.
RoslynAnalysisRunner has terminated.
Mono: successfully reloaded assembly
- Completed reload, in  2.521 seconds
Platform modules already initialized, skipping
Refreshing native plugins compatible for Editor in 0.70 ms, found 0 plugins.
Preloading 0 native plugins for Editor in 0.00 ms.
Unloading 1135 Unused Serialized files (Serialized files now loaded: 0)
System memory in use before: 67.0 MB.
System memory in use after: 67.1 MB.

Unloading 5 unused Assets to reduce memory usage. Loaded Objects now: 1658.
Total: 3.022900 ms (FindLiveObjects: 0.249000 ms CreateObjectMapping: 0.068900 ms MarkObjects: 2.615200 ms  DeleteObjects: 0.087600 ms)

========================================================================
Received Prepare
Registering precompiled user dll's ...
Registered in 0.003898 seconds.
Begin MonoManager ReloadAssembly
Native extension for WindowsStandalone target not found
Native extension for WebGL target not found
Refreshing native plugins compatible for Editor in 0.74 ms, found 0 plugins.
Preloading 0 native plugins for Editor in 0.00 ms.
Invoked RoslynAnalysisRunner static constructor.
RoslynAnalysisRunner will not be running.
RoslynAnalysisRunner has terminated.
Mono: successfully reloaded assembly
- Completed reload, in  1.239 seconds
Platform modules already initialized, skipping
Refreshing native plugins compatible for Editor in 1.18 ms, found 0 plugins.
Preloading 0 native plugins for Editor in 0.00 ms.
Unloading 1135 Unused Serialized files (Serialized files now loaded: 0)
System memory in use before: 67.0 MB.
System memory in use after: 67.1 MB.

Unloading 5 unused Assets to reduce memory usage. Loaded Objects now: 1660.
Total: 3.994800 ms (FindLiveObjects: 0.277600 ms CreateObjectMapping: 0.143100 ms MarkObjects: 3.421600 ms  DeleteObjects: 0.149900 ms)

AssetImportWorkerClient::OnTransportError - code=2 error=End of file
